{"C:\\Users\\User\\projects\\Show-Management-App-Backend\\controllers\\customers.js":{"path":"C:\\Users\\User\\projects\\Show-Management-App-Backend\\controllers\\customers.js","statementMap":{"0":{"start":{"line":1,"column":16},"end":{"line":1,"column":34}},"1":{"start":{"line":2,"column":15},"end":{"line":2,"column":31}},"2":{"start":{"line":4,"column":17},"end":{"line":4,"column":46}},"3":{"start":{"line":7,"column":0},"end":{"line":10,"column":3}},"4":{"start":{"line":8,"column":4},"end":{"line":9,"column":27}},"5":{"start":{"line":9,"column":6},"end":{"line":9,"column":25}},"6":{"start":{"line":13,"column":0},"end":{"line":19,"column":3}},"7":{"start":{"line":14,"column":4},"end":{"line":14,"column":31}},"8":{"start":{"line":15,"column":23},"end":{"line":15,"column":37}},"9":{"start":{"line":16,"column":4},"end":{"line":18,"column":5}},"10":{"start":{"line":17,"column":6},"end":{"line":17,"column":25}},"11":{"start":{"line":22,"column":0},"end":{"line":27,"column":3}},"12":{"start":{"line":23,"column":3},"end":{"line":23,"column":24}},"13":{"start":{"line":24,"column":6},"end":{"line":26,"column":6}},"14":{"start":{"line":25,"column":10},"end":{"line":25,"column":31}},"15":{"start":{"line":30,"column":0},"end":{"line":33,"column":3}},"16":{"start":{"line":31,"column":2},"end":{"line":32,"column":57}},"17":{"start":{"line":32,"column":31},"end":{"line":32,"column":56}},"18":{"start":{"line":36,"column":0},"end":{"line":38,"column":3}},"19":{"start":{"line":37,"column":2},"end":{"line":37,"column":94}},"20":{"start":{"line":37,"column":68},"end":{"line":37,"column":93}},"21":{"start":{"line":40,"column":0},"end":{"line":40,"column":23}}},"fnMap":{"0":{"name":"(anonymous_0)","decl":{"start":{"line":7,"column":16},"end":{"line":7,"column":17}},"loc":{"start":{"line":7,"column":30},"end":{"line":10,"column":1}},"line":7},"1":{"name":"(anonymous_1)","decl":{"start":{"line":8,"column":25},"end":{"line":8,"column":26}},"loc":{"start":{"line":9,"column":6},"end":{"line":9,"column":25}},"line":9},"2":{"name":"(anonymous_2)","decl":{"start":{"line":13,"column":20},"end":{"line":13,"column":21}},"loc":{"start":{"line":13,"column":34},"end":{"line":19,"column":1}},"line":13},"3":{"name":"(anonymous_3)","decl":{"start":{"line":16,"column":44},"end":{"line":16,"column":45}},"loc":{"start":{"line":16,"column":56},"end":{"line":18,"column":3}},"line":16},"4":{"name":"(anonymous_4)","decl":{"start":{"line":22,"column":17},"end":{"line":22,"column":18}},"loc":{"start":{"line":23,"column":2},"end":{"line":27,"column":1}},"line":23},"5":{"name":"(anonymous_5)","decl":{"start":{"line":24,"column":37},"end":{"line":24,"column":38}},"loc":{"start":{"line":25,"column":10},"end":{"line":25,"column":31}},"line":25},"6":{"name":"(anonymous_6)","decl":{"start":{"line":30,"column":19},"end":{"line":30,"column":20}},"loc":{"start":{"line":30,"column":33},"end":{"line":33,"column":1}},"line":30},"7":{"name":"(anonymous_7)","decl":{"start":{"line":32,"column":12},"end":{"line":32,"column":13}},"loc":{"start":{"line":32,"column":31},"end":{"line":32,"column":56}},"line":32},"8":{"name":"(anonymous_8)","decl":{"start":{"line":36,"column":22},"end":{"line":36,"column":23}},"loc":{"start":{"line":36,"column":36},"end":{"line":38,"column":1}},"line":36},"9":{"name":"(anonymous_9)","decl":{"start":{"line":37,"column":49},"end":{"line":37,"column":50}},"loc":{"start":{"line":37,"column":68},"end":{"line":37,"column":93}},"line":37}},"branchMap":{},"s":{"0":1,"1":1,"2":1,"3":1,"4":2,"5":2,"6":1,"7":2,"8":2,"9":2,"10":2,"11":1,"12":2,"13":2,"14":2,"15":1,"16":2,"17":2,"18":1,"19":2,"20":2,"21":1},"f":{"0":2,"1":2,"2":2,"3":2,"4":2,"5":2,"6":2,"7":2,"8":2,"9":2},"b":{},"_coverageSchema":"1a1c01bbd47fc00a2c39e90264f33305004495a9","hash":"78f5f68bdd20e5cfa0d247abe39e4ce9838182fe","contentHash":"2439900fe88f8ec8fbb849280160b0578a73c0814c5087eb8f833ac72096f276"},"C:\\Users\\User\\projects\\Show-Management-App-Backend\\models\\Customer.js":{"path":"C:\\Users\\User\\projects\\Show-Management-App-Backend\\models\\Customer.js","statementMap":{"0":{"start":{"line":1,"column":17},"end":{"line":1,"column":44}},"1":{"start":{"line":2,"column":15},"end":{"line":2,"column":30}},"2":{"start":{"line":4,"column":17},"end":{"line":11,"column":2}},"3":{"start":{"line":13,"column":0},"end":{"line":13,"column":54}}},"fnMap":{},"branchMap":{},"s":{"0":1,"1":1,"2":1,"3":1},"f":{},"b":{},"_coverageSchema":"1a1c01bbd47fc00a2c39e90264f33305004495a9","hash":"927dd86c08b0d751d3fbf5a1ccff987dc93b7904","contentHash":"537179603f4f268ece055e21a1edb7d9e8af52fd2d4cc77174b7047293617e52"},"C:\\Users\\User\\projects\\Show-Management-App-Backend\\db\\connection.js":{"path":"C:\\Users\\User\\projects\\Show-Management-App-Backend\\db\\connection.js","statementMap":{"0":{"start":{"line":1,"column":17},"end":{"line":1,"column":36}},"1":{"start":{"line":4,"column":15},"end":{"line":4,"column":17}},"2":{"start":{"line":5,"column":0},"end":{"line":9,"column":3}},"3":{"start":{"line":6,"column":4},"end":{"line":6,"column":39}},"4":{"start":{"line":8,"column":4},"end":{"line":8,"column":56}},"5":{"start":{"line":11,"column":0},"end":{"line":17,"column":56}},"6":{"start":{"line":17,"column":16},"end":{"line":17,"column":55}},"7":{"start":{"line":19,"column":0},"end":{"line":19,"column":26}},"8":{"start":{"line":21,"column":0},"end":{"line":21,"column":25}}},"fnMap":{"0":{"name":"(anonymous_0)","decl":{"start":{"line":17,"column":7},"end":{"line":17,"column":8}},"loc":{"start":{"line":17,"column":16},"end":{"line":17,"column":55}},"line":17}},"branchMap":{"0":{"loc":{"start":{"line":5,"column":0},"end":{"line":9,"column":3}},"type":"if","locations":[{"start":{"line":5,"column":0},"end":{"line":9,"column":3}},{"start":{"line":5,"column":0},"end":{"line":9,"column":3}}],"line":5}},"s":{"0":1,"1":1,"2":1,"3":0,"4":1,"5":1,"6":1,"7":1,"8":1},"f":{"0":1},"b":{"0":[0,1]},"_coverageSchema":"1a1c01bbd47fc00a2c39e90264f33305004495a9","hash":"ed5d82c8ae8d697a6ce9e588646c09ef3d96db59","contentHash":"a7db16ea0fe0527477e70012eb94ddc62cd5a621884a5c259cdf2c1413fd832a"},"C:\\Users\\User\\projects\\Show-Management-App-Backend\\controllers\\equipments.js":{"path":"C:\\Users\\User\\projects\\Show-Management-App-Backend\\controllers\\equipments.js","statementMap":{"0":{"start":{"line":1,"column":16},"end":{"line":1,"column":34}},"1":{"start":{"line":2,"column":15},"end":{"line":2,"column":31}},"2":{"start":{"line":3,"column":18},"end":{"line":3,"column":48}},"3":{"start":{"line":5,"column":0},"end":{"line":7,"column":3}},"4":{"start":{"line":6,"column":4},"end":{"line":6,"column":62}},"5":{"start":{"line":6,"column":40},"end":{"line":6,"column":60}},"6":{"start":{"line":10,"column":0},"end":{"line":15,"column":3}},"7":{"start":{"line":11,"column":2},"end":{"line":11,"column":23}},"8":{"start":{"line":12,"column":2},"end":{"line":14,"column":5}},"9":{"start":{"line":13,"column":4},"end":{"line":13,"column":24}},"10":{"start":{"line":19,"column":0},"end":{"line":25,"column":3}},"11":{"start":{"line":20,"column":4},"end":{"line":20,"column":31}},"12":{"start":{"line":21,"column":24},"end":{"line":21,"column":38}},"13":{"start":{"line":22,"column":4},"end":{"line":24,"column":7}},"14":{"start":{"line":23,"column":6},"end":{"line":23,"column":26}},"15":{"start":{"line":28,"column":0},"end":{"line":30,"column":3}},"16":{"start":{"line":29,"column":2},"end":{"line":29,"column":60}},"17":{"start":{"line":29,"column":38},"end":{"line":29,"column":58}},"18":{"start":{"line":33,"column":0},"end":{"line":36,"column":2}},"19":{"start":{"line":34,"column":2},"end":{"line":35,"column":59}},"20":{"start":{"line":35,"column":32},"end":{"line":35,"column":58}},"21":{"start":{"line":39,"column":0},"end":{"line":41,"column":2}},"22":{"start":{"line":40,"column":2},"end":{"line":40,"column":97}},"23":{"start":{"line":40,"column":70},"end":{"line":40,"column":96}},"24":{"start":{"line":42,"column":0},"end":{"line":42,"column":23}}},"fnMap":{"0":{"name":"(anonymous_0)","decl":{"start":{"line":5,"column":16},"end":{"line":5,"column":17}},"loc":{"start":{"line":5,"column":30},"end":{"line":7,"column":1}},"line":5},"1":{"name":"(anonymous_1)","decl":{"start":{"line":6,"column":26},"end":{"line":6,"column":27}},"loc":{"start":{"line":6,"column":40},"end":{"line":6,"column":60}},"line":6},"2":{"name":"(anonymous_2)","decl":{"start":{"line":10,"column":17},"end":{"line":10,"column":18}},"loc":{"start":{"line":10,"column":31},"end":{"line":15,"column":1}},"line":10},"3":{"name":"(anonymous_3)","decl":{"start":{"line":12,"column":34},"end":{"line":12,"column":35}},"loc":{"start":{"line":12,"column":47},"end":{"line":14,"column":3}},"line":12},"4":{"name":"(anonymous_4)","decl":{"start":{"line":19,"column":20},"end":{"line":19,"column":21}},"loc":{"start":{"line":19,"column":34},"end":{"line":25,"column":1}},"line":19},"5":{"name":"(anonymous_5)","decl":{"start":{"line":22,"column":46},"end":{"line":22,"column":47}},"loc":{"start":{"line":22,"column":59},"end":{"line":24,"column":5}},"line":22},"6":{"name":"(anonymous_6)","decl":{"start":{"line":28,"column":16},"end":{"line":28,"column":17}},"loc":{"start":{"line":28,"column":30},"end":{"line":30,"column":1}},"line":28},"7":{"name":"(anonymous_7)","decl":{"start":{"line":29,"column":24},"end":{"line":29,"column":25}},"loc":{"start":{"line":29,"column":38},"end":{"line":29,"column":58}},"line":29},"8":{"name":"(anonymous_8)","decl":{"start":{"line":33,"column":19},"end":{"line":33,"column":20}},"loc":{"start":{"line":33,"column":33},"end":{"line":36,"column":1}},"line":33},"9":{"name":"(anonymous_9)","decl":{"start":{"line":35,"column":12},"end":{"line":35,"column":13}},"loc":{"start":{"line":35,"column":32},"end":{"line":35,"column":58}},"line":35},"10":{"name":"(anonymous_10)","decl":{"start":{"line":39,"column":22},"end":{"line":39,"column":23}},"loc":{"start":{"line":39,"column":36},"end":{"line":41,"column":1}},"line":39},"11":{"name":"(anonymous_11)","decl":{"start":{"line":40,"column":50},"end":{"line":40,"column":51}},"loc":{"start":{"line":40,"column":70},"end":{"line":40,"column":96}},"line":40}},"branchMap":{},"s":{"0":1,"1":1,"2":1,"3":1,"4":2,"5":2,"6":1,"7":2,"8":2,"9":2,"10":1,"11":2,"12":2,"13":2,"14":2,"15":1,"16":0,"17":0,"18":1,"19":2,"20":2,"21":1,"22":2,"23":2,"24":1},"f":{"0":2,"1":2,"2":2,"3":2,"4":2,"5":2,"6":0,"7":0,"8":2,"9":2,"10":2,"11":2},"b":{},"_coverageSchema":"1a1c01bbd47fc00a2c39e90264f33305004495a9","hash":"2e577c7e05559ec01a079ae69de53bcd2967907f","contentHash":"c64409be19443137bce5cff4576166e868722b8d8912f85a84882dc8c55d6de3"},"C:\\Users\\User\\projects\\Show-Management-App-Backend\\models\\Equipment.js":{"path":"C:\\Users\\User\\projects\\Show-Management-App-Backend\\models\\Equipment.js","statementMap":{"0":{"start":{"line":1,"column":17},"end":{"line":1,"column":44}},"1":{"start":{"line":2,"column":15},"end":{"line":2,"column":30}},"2":{"start":{"line":4,"column":18},"end":{"line":10,"column":2}},"3":{"start":{"line":12,"column":0},"end":{"line":12,"column":56}}},"fnMap":{},"branchMap":{},"s":{"0":1,"1":1,"2":1,"3":1},"f":{},"b":{},"_coverageSchema":"1a1c01bbd47fc00a2c39e90264f33305004495a9","hash":"b7af283b2ea813aeaf0359a24004c0e58cc83a20","contentHash":"64187c361c06ce361751ceee9d51691dc54ae5c3967afac63eaf97d0b6cdef54"},"C:\\Users\\User\\projects\\Show-Management-App-Backend\\controllers\\products.js":{"path":"C:\\Users\\User\\projects\\Show-Management-App-Backend\\controllers\\products.js","statementMap":{"0":{"start":{"line":1,"column":16},"end":{"line":1,"column":34}},"1":{"start":{"line":2,"column":15},"end":{"line":2,"column":31}},"2":{"start":{"line":3,"column":16},"end":{"line":3,"column":44}},"3":{"start":{"line":7,"column":0},"end":{"line":12,"column":3}},"4":{"start":{"line":8,"column":2},"end":{"line":8,"column":24}},"5":{"start":{"line":9,"column":2},"end":{"line":11,"column":5}},"6":{"start":{"line":10,"column":4},"end":{"line":10,"column":22}},"7":{"start":{"line":16,"column":0},"end":{"line":22,"column":3}},"8":{"start":{"line":17,"column":2},"end":{"line":17,"column":30}},"9":{"start":{"line":18,"column":20},"end":{"line":18,"column":34}},"10":{"start":{"line":19,"column":2},"end":{"line":21,"column":5}},"11":{"start":{"line":20,"column":4},"end":{"line":20,"column":22}},"12":{"start":{"line":25,"column":0},"end":{"line":27,"column":3}},"13":{"start":{"line":26,"column":2},"end":{"line":26,"column":54}},"14":{"start":{"line":26,"column":34},"end":{"line":26,"column":52}},"15":{"start":{"line":30,"column":0},"end":{"line":33,"column":3}},"16":{"start":{"line":31,"column":2},"end":{"line":32,"column":55}},"17":{"start":{"line":32,"column":30},"end":{"line":32,"column":54}},"18":{"start":{"line":36,"column":0},"end":{"line":38,"column":3}},"19":{"start":{"line":37,"column":2},"end":{"line":37,"column":91}},"20":{"start":{"line":37,"column":66},"end":{"line":37,"column":90}},"21":{"start":{"line":40,"column":0},"end":{"line":40,"column":23}}},"fnMap":{"0":{"name":"(anonymous_0)","decl":{"start":{"line":7,"column":17},"end":{"line":7,"column":18}},"loc":{"start":{"line":7,"column":31},"end":{"line":12,"column":1}},"line":7},"1":{"name":"(anonymous_1)","decl":{"start":{"line":9,"column":32},"end":{"line":9,"column":33}},"loc":{"start":{"line":9,"column":43},"end":{"line":11,"column":3}},"line":9},"2":{"name":"(anonymous_2)","decl":{"start":{"line":16,"column":20},"end":{"line":16,"column":21}},"loc":{"start":{"line":16,"column":34},"end":{"line":22,"column":1}},"line":16},"3":{"name":"(anonymous_3)","decl":{"start":{"line":19,"column":40},"end":{"line":19,"column":41}},"loc":{"start":{"line":19,"column":51},"end":{"line":21,"column":3}},"line":19},"4":{"name":"(anonymous_4)","decl":{"start":{"line":25,"column":16},"end":{"line":25,"column":17}},"loc":{"start":{"line":25,"column":30},"end":{"line":27,"column":1}},"line":25},"5":{"name":"(anonymous_5)","decl":{"start":{"line":26,"column":22},"end":{"line":26,"column":23}},"loc":{"start":{"line":26,"column":34},"end":{"line":26,"column":52}},"line":26},"6":{"name":"(anonymous_6)","decl":{"start":{"line":30,"column":19},"end":{"line":30,"column":20}},"loc":{"start":{"line":30,"column":33},"end":{"line":33,"column":1}},"line":30},"7":{"name":"(anonymous_7)","decl":{"start":{"line":32,"column":12},"end":{"line":32,"column":13}},"loc":{"start":{"line":32,"column":30},"end":{"line":32,"column":54}},"line":32},"8":{"name":"(anonymous_8)","decl":{"start":{"line":36,"column":22},"end":{"line":36,"column":23}},"loc":{"start":{"line":36,"column":36},"end":{"line":38,"column":1}},"line":36},"9":{"name":"(anonymous_9)","decl":{"start":{"line":37,"column":48},"end":{"line":37,"column":49}},"loc":{"start":{"line":37,"column":66},"end":{"line":37,"column":90}},"line":37}},"branchMap":{},"s":{"0":1,"1":1,"2":1,"3":1,"4":2,"5":2,"6":2,"7":1,"8":2,"9":2,"10":2,"11":2,"12":1,"13":2,"14":2,"15":1,"16":2,"17":2,"18":1,"19":2,"20":2,"21":1},"f":{"0":2,"1":2,"2":2,"3":2,"4":2,"5":2,"6":2,"7":2,"8":2,"9":2},"b":{},"_coverageSchema":"1a1c01bbd47fc00a2c39e90264f33305004495a9","hash":"5e83c82ab38e3834de2c59b1b61664a310fd11c6","contentHash":"e871bed4a90eb5e9ce871d9480ea665ff6b85110ed2f268c2928e22e1fe2313b"},"C:\\Users\\User\\projects\\Show-Management-App-Backend\\models\\Product.js":{"path":"C:\\Users\\User\\projects\\Show-Management-App-Backend\\models\\Product.js","statementMap":{"0":{"start":{"line":1,"column":17},"end":{"line":1,"column":44}},"1":{"start":{"line":2,"column":15},"end":{"line":2,"column":30}},"2":{"start":{"line":4,"column":16},"end":{"line":10,"column":2}},"3":{"start":{"line":12,"column":0},"end":{"line":12,"column":52}}},"fnMap":{},"branchMap":{},"s":{"0":1,"1":1,"2":1,"3":1},"f":{},"b":{},"_coverageSchema":"1a1c01bbd47fc00a2c39e90264f33305004495a9","hash":"de1c0962dd61e0757827f70ea14e1a7cc12a7a7c","contentHash":"f7e1af77f819ef173cc72a6b5fded3658f24079bd4cec30ee07c21ebb2995c00"},"C:\\Users\\User\\projects\\Show-Management-App-Backend\\controllers\\shows.js":{"path":"C:\\Users\\User\\projects\\Show-Management-App-Backend\\controllers\\shows.js","statementMap":{"0":{"start":{"line":1,"column":16},"end":{"line":1,"column":34}},"1":{"start":{"line":2,"column":15},"end":{"line":2,"column":31}},"2":{"start":{"line":3,"column":13},"end":{"line":3,"column":38}},"3":{"start":{"line":7,"column":0},"end":{"line":9,"column":3}},"4":{"start":{"line":8,"column":4},"end":{"line":8,"column":47}},"5":{"start":{"line":8,"column":30},"end":{"line":8,"column":45}},"6":{"start":{"line":12,"column":0},"end":{"line":18,"column":3}},"7":{"start":{"line":13,"column":4},"end":{"line":13,"column":31}},"8":{"start":{"line":14,"column":19},"end":{"line":14,"column":33}},"9":{"start":{"line":15,"column":4},"end":{"line":17,"column":7}},"10":{"start":{"line":16,"column":6},"end":{"line":16,"column":21}},"11":{"start":{"line":21,"column":0},"end":{"line":26,"column":3}},"12":{"start":{"line":22,"column":3},"end":{"line":22,"column":24}},"13":{"start":{"line":23,"column":6},"end":{"line":25,"column":6}},"14":{"start":{"line":24,"column":10},"end":{"line":24,"column":27}},"15":{"start":{"line":29,"column":0},"end":{"line":32,"column":3}},"16":{"start":{"line":30,"column":2},"end":{"line":31,"column":49}},"17":{"start":{"line":31,"column":27},"end":{"line":31,"column":48}},"18":{"start":{"line":35,"column":0},"end":{"line":37,"column":3}},"19":{"start":{"line":36,"column":2},"end":{"line":36,"column":82}},"20":{"start":{"line":36,"column":60},"end":{"line":36,"column":81}},"21":{"start":{"line":40,"column":0},"end":{"line":40,"column":23}}},"fnMap":{"0":{"name":"(anonymous_0)","decl":{"start":{"line":7,"column":16},"end":{"line":7,"column":17}},"loc":{"start":{"line":7,"column":30},"end":{"line":9,"column":1}},"line":7},"1":{"name":"(anonymous_1)","decl":{"start":{"line":8,"column":21},"end":{"line":8,"column":22}},"loc":{"start":{"line":8,"column":30},"end":{"line":8,"column":45}},"line":8},"2":{"name":"(anonymous_2)","decl":{"start":{"line":12,"column":20},"end":{"line":12,"column":21}},"loc":{"start":{"line":12,"column":34},"end":{"line":18,"column":1}},"line":12},"3":{"name":"(anonymous_3)","decl":{"start":{"line":15,"column":36},"end":{"line":15,"column":37}},"loc":{"start":{"line":15,"column":44},"end":{"line":17,"column":5}},"line":15},"4":{"name":"(anonymous_4)","decl":{"start":{"line":21,"column":17},"end":{"line":21,"column":18}},"loc":{"start":{"line":22,"column":2},"end":{"line":26,"column":1}},"line":22},"5":{"name":"(anonymous_5)","decl":{"start":{"line":23,"column":33},"end":{"line":23,"column":34}},"loc":{"start":{"line":24,"column":10},"end":{"line":24,"column":27}},"line":24},"6":{"name":"(anonymous_6)","decl":{"start":{"line":29,"column":19},"end":{"line":29,"column":20}},"loc":{"start":{"line":29,"column":33},"end":{"line":32,"column":1}},"line":29},"7":{"name":"(anonymous_7)","decl":{"start":{"line":31,"column":12},"end":{"line":31,"column":13}},"loc":{"start":{"line":31,"column":27},"end":{"line":31,"column":48}},"line":31},"8":{"name":"(anonymous_8)","decl":{"start":{"line":35,"column":22},"end":{"line":35,"column":23}},"loc":{"start":{"line":35,"column":36},"end":{"line":37,"column":1}},"line":35},"9":{"name":"(anonymous_9)","decl":{"start":{"line":36,"column":45},"end":{"line":36,"column":46}},"loc":{"start":{"line":36,"column":60},"end":{"line":36,"column":81}},"line":36}},"branchMap":{},"s":{"0":1,"1":1,"2":1,"3":1,"4":2,"5":2,"6":1,"7":2,"8":2,"9":2,"10":2,"11":1,"12":2,"13":2,"14":2,"15":1,"16":2,"17":2,"18":1,"19":2,"20":2,"21":1},"f":{"0":2,"1":2,"2":2,"3":2,"4":2,"5":2,"6":2,"7":2,"8":2,"9":2},"b":{},"_coverageSchema":"1a1c01bbd47fc00a2c39e90264f33305004495a9","hash":"8fa48f619487893896110822e5a2905947b7f9d5","contentHash":"d8440d5d55a22d03f6c735a1e57e29d992007f7cf2b88d78ab364e64f825074b"},"C:\\Users\\User\\projects\\Show-Management-App-Backend\\models\\Show.js":{"path":"C:\\Users\\User\\projects\\Show-Management-App-Backend\\models\\Show.js","statementMap":{"0":{"start":{"line":1,"column":17},"end":{"line":1,"column":44}},"1":{"start":{"line":2,"column":15},"end":{"line":2,"column":30}},"2":{"start":{"line":4,"column":13},"end":{"line":12,"column":2}},"3":{"start":{"line":14,"column":0},"end":{"line":14,"column":46}}},"fnMap":{},"branchMap":{},"s":{"0":1,"1":1,"2":1,"3":1},"f":{},"b":{},"_coverageSchema":"1a1c01bbd47fc00a2c39e90264f33305004495a9","hash":"eeb8a01ede00b5a31fd3760aa4bdf006b270846e","contentHash":"e4923ddd24736033aba4dc0172efe6bb2dc02b4933b7c34f13f3ce916e30c1f8"},"C:\\Users\\User\\projects\\Show-Management-App-Backend\\controllers\\types.js":{"path":"C:\\Users\\User\\projects\\Show-Management-App-Backend\\controllers\\types.js","statementMap":{"0":{"start":{"line":1,"column":16},"end":{"line":1,"column":34}},"1":{"start":{"line":2,"column":15},"end":{"line":2,"column":31}},"2":{"start":{"line":3,"column":13},"end":{"line":3,"column":38}},"3":{"start":{"line":5,"column":0},"end":{"line":7,"column":3}},"4":{"start":{"line":6,"column":4},"end":{"line":6,"column":47}},"5":{"start":{"line":6,"column":30},"end":{"line":6,"column":45}},"6":{"start":{"line":9,"column":0},"end":{"line":15,"column":3}},"7":{"start":{"line":10,"column":4},"end":{"line":10,"column":31}},"8":{"start":{"line":11,"column":19},"end":{"line":11,"column":33}},"9":{"start":{"line":12,"column":4},"end":{"line":14,"column":7}},"10":{"start":{"line":13,"column":6},"end":{"line":13,"column":21}},"11":{"start":{"line":18,"column":0},"end":{"line":23,"column":3}},"12":{"start":{"line":19,"column":4},"end":{"line":19,"column":25}},"13":{"start":{"line":20,"column":4},"end":{"line":22,"column":6}},"14":{"start":{"line":21,"column":8},"end":{"line":21,"column":25}},"15":{"start":{"line":26,"column":0},"end":{"line":29,"column":3}},"16":{"start":{"line":27,"column":2},"end":{"line":28,"column":49}},"17":{"start":{"line":28,"column":27},"end":{"line":28,"column":48}},"18":{"start":{"line":32,"column":0},"end":{"line":34,"column":3}},"19":{"start":{"line":33,"column":2},"end":{"line":33,"column":82}},"20":{"start":{"line":33,"column":60},"end":{"line":33,"column":81}},"21":{"start":{"line":36,"column":0},"end":{"line":36,"column":23}}},"fnMap":{"0":{"name":"(anonymous_0)","decl":{"start":{"line":5,"column":16},"end":{"line":5,"column":17}},"loc":{"start":{"line":5,"column":30},"end":{"line":7,"column":1}},"line":5},"1":{"name":"(anonymous_1)","decl":{"start":{"line":6,"column":21},"end":{"line":6,"column":22}},"loc":{"start":{"line":6,"column":30},"end":{"line":6,"column":45}},"line":6},"2":{"name":"(anonymous_2)","decl":{"start":{"line":9,"column":20},"end":{"line":9,"column":21}},"loc":{"start":{"line":9,"column":34},"end":{"line":15,"column":1}},"line":9},"3":{"name":"(anonymous_3)","decl":{"start":{"line":12,"column":36},"end":{"line":12,"column":37}},"loc":{"start":{"line":12,"column":44},"end":{"line":14,"column":5}},"line":12},"4":{"name":"(anonymous_4)","decl":{"start":{"line":18,"column":17},"end":{"line":18,"column":18}},"loc":{"start":{"line":18,"column":31},"end":{"line":23,"column":1}},"line":18},"5":{"name":"(anonymous_5)","decl":{"start":{"line":20,"column":31},"end":{"line":20,"column":32}},"loc":{"start":{"line":21,"column":8},"end":{"line":21,"column":25}},"line":21},"6":{"name":"(anonymous_6)","decl":{"start":{"line":26,"column":19},"end":{"line":26,"column":20}},"loc":{"start":{"line":26,"column":33},"end":{"line":29,"column":1}},"line":26},"7":{"name":"(anonymous_7)","decl":{"start":{"line":28,"column":12},"end":{"line":28,"column":13}},"loc":{"start":{"line":28,"column":27},"end":{"line":28,"column":48}},"line":28},"8":{"name":"(anonymous_8)","decl":{"start":{"line":32,"column":22},"end":{"line":32,"column":23}},"loc":{"start":{"line":32,"column":36},"end":{"line":34,"column":1}},"line":32},"9":{"name":"(anonymous_9)","decl":{"start":{"line":33,"column":45},"end":{"line":33,"column":46}},"loc":{"start":{"line":33,"column":60},"end":{"line":33,"column":81}},"line":33}},"branchMap":{},"s":{"0":1,"1":1,"2":1,"3":1,"4":2,"5":2,"6":1,"7":2,"8":2,"9":2,"10":2,"11":1,"12":2,"13":2,"14":2,"15":1,"16":2,"17":2,"18":1,"19":2,"20":2,"21":1},"f":{"0":2,"1":2,"2":2,"3":2,"4":2,"5":2,"6":2,"7":2,"8":2,"9":2},"b":{},"_coverageSchema":"1a1c01bbd47fc00a2c39e90264f33305004495a9","hash":"cf6a7cc68384dcc9f77104dce8aa2f0d5459b53c","contentHash":"1d0bbdca931bd79101745a3f4156f9d098d19cf625a0e0ff69d904818619a48e"},"C:\\Users\\User\\projects\\Show-Management-App-Backend\\models\\Type.js":{"path":"C:\\Users\\User\\projects\\Show-Management-App-Backend\\models\\Type.js","statementMap":{"0":{"start":{"line":1,"column":17},"end":{"line":1,"column":44}},"1":{"start":{"line":2,"column":15},"end":{"line":2,"column":30}},"2":{"start":{"line":4,"column":13},"end":{"line":8,"column":2}},"3":{"start":{"line":10,"column":0},"end":{"line":10,"column":46}}},"fnMap":{},"branchMap":{},"s":{"0":1,"1":1,"2":1,"3":1},"f":{},"b":{},"_coverageSchema":"1a1c01bbd47fc00a2c39e90264f33305004495a9","hash":"0ebba65b657f64e64fde0f07a92ef224b12cf879","contentHash":"45892204eb61dc763b73fe573cf89a3dab2b044642348d2b000f473316441add"},"C:\\Users\\User\\projects\\Show-Management-App-Backend\\controllers\\users.js":{"path":"C:\\Users\\User\\projects\\Show-Management-App-Backend\\controllers\\users.js","statementMap":{"0":{"start":{"line":1,"column":16},"end":{"line":1,"column":34}},"1":{"start":{"line":2,"column":15},"end":{"line":2,"column":31}},"2":{"start":{"line":3,"column":13},"end":{"line":3,"column":38}},"3":{"start":{"line":9,"column":0},"end":{"line":11,"column":3}},"4":{"start":{"line":10,"column":4},"end":{"line":10,"column":47}},"5":{"start":{"line":10,"column":30},"end":{"line":10,"column":45}},"6":{"start":{"line":14,"column":0},"end":{"line":20,"column":3}},"7":{"start":{"line":15,"column":4},"end":{"line":15,"column":31}},"8":{"start":{"line":16,"column":19},"end":{"line":16,"column":33}},"9":{"start":{"line":17,"column":4},"end":{"line":19,"column":7}},"10":{"start":{"line":18,"column":6},"end":{"line":18,"column":21}},"11":{"start":{"line":23,"column":0},"end":{"line":29,"column":3}},"12":{"start":{"line":24,"column":4},"end":{"line":24,"column":27}},"13":{"start":{"line":25,"column":21},"end":{"line":25,"column":40}},"14":{"start":{"line":26,"column":4},"end":{"line":28,"column":7}},"15":{"start":{"line":27,"column":6},"end":{"line":27,"column":21}},"16":{"start":{"line":32,"column":0},"end":{"line":37,"column":3}},"17":{"start":{"line":33,"column":5},"end":{"line":33,"column":26}},"18":{"start":{"line":34,"column":8},"end":{"line":36,"column":10}},"19":{"start":{"line":35,"column":12},"end":{"line":35,"column":29}},"20":{"start":{"line":40,"column":0},"end":{"line":43,"column":2}},"21":{"start":{"line":41,"column":4},"end":{"line":42,"column":49}},"22":{"start":{"line":42,"column":27},"end":{"line":42,"column":48}},"23":{"start":{"line":46,"column":0},"end":{"line":48,"column":3}},"24":{"start":{"line":47,"column":4},"end":{"line":47,"column":84}},"25":{"start":{"line":47,"column":62},"end":{"line":47,"column":83}},"26":{"start":{"line":50,"column":1},"end":{"line":50,"column":25}}},"fnMap":{"0":{"name":"(anonymous_0)","decl":{"start":{"line":9,"column":16},"end":{"line":9,"column":17}},"loc":{"start":{"line":9,"column":30},"end":{"line":11,"column":1}},"line":9},"1":{"name":"(anonymous_1)","decl":{"start":{"line":10,"column":21},"end":{"line":10,"column":22}},"loc":{"start":{"line":10,"column":30},"end":{"line":10,"column":45}},"line":10},"2":{"name":"(anonymous_2)","decl":{"start":{"line":14,"column":20},"end":{"line":14,"column":21}},"loc":{"start":{"line":14,"column":34},"end":{"line":20,"column":1}},"line":14},"3":{"name":"(anonymous_3)","decl":{"start":{"line":17,"column":36},"end":{"line":17,"column":37}},"loc":{"start":{"line":17,"column":44},"end":{"line":19,"column":5}},"line":17},"4":{"name":"(anonymous_4)","decl":{"start":{"line":23,"column":34},"end":{"line":23,"column":35}},"loc":{"start":{"line":23,"column":48},"end":{"line":29,"column":1}},"line":23},"5":{"name":"(anonymous_5)","decl":{"start":{"line":26,"column":46},"end":{"line":26,"column":47}},"loc":{"start":{"line":26,"column":54},"end":{"line":28,"column":5}},"line":26},"6":{"name":"(anonymous_6)","decl":{"start":{"line":32,"column":17},"end":{"line":32,"column":18}},"loc":{"start":{"line":33,"column":4},"end":{"line":37,"column":1}},"line":33},"7":{"name":"(anonymous_7)","decl":{"start":{"line":34,"column":35},"end":{"line":34,"column":36}},"loc":{"start":{"line":35,"column":12},"end":{"line":35,"column":29}},"line":35},"8":{"name":"(anonymous_8)","decl":{"start":{"line":40,"column":20},"end":{"line":40,"column":21}},"loc":{"start":{"line":40,"column":34},"end":{"line":43,"column":1}},"line":40},"9":{"name":"(anonymous_9)","decl":{"start":{"line":42,"column":12},"end":{"line":42,"column":13}},"loc":{"start":{"line":42,"column":27},"end":{"line":42,"column":48}},"line":42},"10":{"name":"(anonymous_10)","decl":{"start":{"line":46,"column":22},"end":{"line":46,"column":23}},"loc":{"start":{"line":46,"column":36},"end":{"line":48,"column":2}},"line":46},"11":{"name":"(anonymous_11)","decl":{"start":{"line":47,"column":47},"end":{"line":47,"column":48}},"loc":{"start":{"line":47,"column":62},"end":{"line":47,"column":83}},"line":47}},"branchMap":{},"s":{"0":1,"1":1,"2":1,"3":1,"4":2,"5":2,"6":1,"7":2,"8":2,"9":2,"10":2,"11":1,"12":2,"13":2,"14":2,"15":2,"16":1,"17":2,"18":2,"19":2,"20":1,"21":2,"22":2,"23":1,"24":2,"25":2,"26":1},"f":{"0":2,"1":2,"2":2,"3":2,"4":2,"5":2,"6":2,"7":2,"8":2,"9":2,"10":2,"11":2},"b":{},"_coverageSchema":"1a1c01bbd47fc00a2c39e90264f33305004495a9","hash":"ef37eb4eb42833735217b937adc51a13aa142a29","contentHash":"288213c0e76e6394da78c61409da055049c47f1defba223bda62cde9fbf1c89d"},"C:\\Users\\User\\projects\\Show-Management-App-Backend\\models\\User.js":{"path":"C:\\Users\\User\\projects\\Show-Management-App-Backend\\models\\User.js","statementMap":{"0":{"start":{"line":1,"column":17},"end":{"line":1,"column":44}},"1":{"start":{"line":2,"column":15},"end":{"line":2,"column":30}},"2":{"start":{"line":4,"column":13},"end":{"line":15,"column":2}},"3":{"start":{"line":17,"column":0},"end":{"line":17,"column":46}}},"fnMap":{},"branchMap":{},"s":{"0":1,"1":1,"2":1,"3":1},"f":{},"b":{},"_coverageSchema":"1a1c01bbd47fc00a2c39e90264f33305004495a9","hash":"5113f27edd2fb0480612a0a65d4398fdc55f6e13","contentHash":"a91e9b737cf7edfbe186f94de4b24e461bf31fb8cd19b49bfc80a0123eeb87f4"},"C:\\Users\\User\\projects\\Show-Management-App-Backend\\controllers\\venues.js":{"path":"C:\\Users\\User\\projects\\Show-Management-App-Backend\\controllers\\venues.js","statementMap":{"0":{"start":{"line":1,"column":16},"end":{"line":1,"column":34}},"1":{"start":{"line":2,"column":15},"end":{"line":2,"column":31}},"2":{"start":{"line":3,"column":14},"end":{"line":3,"column":40}},"3":{"start":{"line":6,"column":0},"end":{"line":8,"column":3}},"4":{"start":{"line":7,"column":4},"end":{"line":7,"column":50}},"5":{"start":{"line":7,"column":32},"end":{"line":7,"column":48}},"6":{"start":{"line":11,"column":0},"end":{"line":17,"column":3}},"7":{"start":{"line":12,"column":4},"end":{"line":12,"column":31}},"8":{"start":{"line":13,"column":20},"end":{"line":13,"column":34}},"9":{"start":{"line":14,"column":4},"end":{"line":16,"column":7}},"10":{"start":{"line":15,"column":6},"end":{"line":15,"column":22}},"11":{"start":{"line":20,"column":0},"end":{"line":25,"column":3}},"12":{"start":{"line":21,"column":3},"end":{"line":21,"column":24}},"13":{"start":{"line":22,"column":4},"end":{"line":24,"column":6}},"14":{"start":{"line":23,"column":10},"end":{"line":23,"column":28}},"15":{"start":{"line":28,"column":0},"end":{"line":31,"column":3}},"16":{"start":{"line":29,"column":2},"end":{"line":30,"column":51}},"17":{"start":{"line":30,"column":28},"end":{"line":30,"column":50}},"18":{"start":{"line":34,"column":0},"end":{"line":36,"column":3}},"19":{"start":{"line":35,"column":2},"end":{"line":35,"column":85}},"20":{"start":{"line":35,"column":62},"end":{"line":35,"column":84}},"21":{"start":{"line":39,"column":0},"end":{"line":39,"column":23}}},"fnMap":{"0":{"name":"(anonymous_0)","decl":{"start":{"line":6,"column":16},"end":{"line":6,"column":17}},"loc":{"start":{"line":6,"column":30},"end":{"line":8,"column":1}},"line":6},"1":{"name":"(anonymous_1)","decl":{"start":{"line":7,"column":22},"end":{"line":7,"column":23}},"loc":{"start":{"line":7,"column":32},"end":{"line":7,"column":48}},"line":7},"2":{"name":"(anonymous_2)","decl":{"start":{"line":11,"column":20},"end":{"line":11,"column":21}},"loc":{"start":{"line":11,"column":34},"end":{"line":17,"column":1}},"line":11},"3":{"name":"(anonymous_3)","decl":{"start":{"line":14,"column":38},"end":{"line":14,"column":39}},"loc":{"start":{"line":14,"column":47},"end":{"line":16,"column":5}},"line":14},"4":{"name":"(anonymous_4)","decl":{"start":{"line":20,"column":17},"end":{"line":20,"column":18}},"loc":{"start":{"line":21,"column":2},"end":{"line":25,"column":1}},"line":21},"5":{"name":"(anonymous_5)","decl":{"start":{"line":22,"column":32},"end":{"line":22,"column":33}},"loc":{"start":{"line":23,"column":10},"end":{"line":23,"column":28}},"line":23},"6":{"name":"(anonymous_6)","decl":{"start":{"line":28,"column":19},"end":{"line":28,"column":20}},"loc":{"start":{"line":28,"column":33},"end":{"line":31,"column":1}},"line":28},"7":{"name":"(anonymous_7)","decl":{"start":{"line":30,"column":12},"end":{"line":30,"column":13}},"loc":{"start":{"line":30,"column":28},"end":{"line":30,"column":50}},"line":30},"8":{"name":"(anonymous_8)","decl":{"start":{"line":34,"column":22},"end":{"line":34,"column":23}},"loc":{"start":{"line":34,"column":36},"end":{"line":36,"column":1}},"line":34},"9":{"name":"(anonymous_9)","decl":{"start":{"line":35,"column":46},"end":{"line":35,"column":47}},"loc":{"start":{"line":35,"column":62},"end":{"line":35,"column":84}},"line":35}},"branchMap":{},"s":{"0":1,"1":1,"2":1,"3":1,"4":2,"5":2,"6":1,"7":2,"8":2,"9":2,"10":2,"11":1,"12":2,"13":2,"14":2,"15":1,"16":2,"17":2,"18":1,"19":2,"20":2,"21":1},"f":{"0":2,"1":2,"2":2,"3":2,"4":2,"5":2,"6":2,"7":2,"8":2,"9":2},"b":{},"_coverageSchema":"1a1c01bbd47fc00a2c39e90264f33305004495a9","hash":"8b2ec1178ba4d111205c87050f79bf368677eeda","contentHash":"fdfbb189a99f08d09174ceb51b7abdeb49fece6ce1bd5688d82a75a784840cb1"},"C:\\Users\\User\\projects\\Show-Management-App-Backend\\models\\Venue.js":{"path":"C:\\Users\\User\\projects\\Show-Management-App-Backend\\models\\Venue.js","statementMap":{"0":{"start":{"line":1,"column":17},"end":{"line":1,"column":44}},"1":{"start":{"line":2,"column":15},"end":{"line":2,"column":30}},"2":{"start":{"line":4,"column":14},"end":{"line":11,"column":2}},"3":{"start":{"line":15,"column":0},"end":{"line":15,"column":48}}},"fnMap":{},"branchMap":{},"s":{"0":1,"1":1,"2":1,"3":1},"f":{},"b":{},"_coverageSchema":"1a1c01bbd47fc00a2c39e90264f33305004495a9","hash":"c580d99944434b11f4da5371998dc90a45ac6da4","contentHash":"6f37267dc797984b76c9f59dc50bb3f310f06dcf4922309429a2bb98d5fa7539"}}